08-Mar-2022 17:06:40 INFO - Before advice called.
08-Mar-2022 17:06:40 INFO - After returning advice called.
08-Mar-2022 17:06:40 INFO - After advice called.
07-Apr-2022 14:56:10 INFO - Before advice called.
07-Apr-2022 14:56:10 INFO - After returning advice called.
07-Apr-2022 14:56:10 INFO - After advice called.
11-May-2022 16:08:19 INFO - Before advice called.
11-May-2022 16:08:19 INFO - After returning advice called.
11-May-2022 16:08:19 INFO - After advice called.
11-May-2022 16:08:51 INFO - Before advice called.
11-May-2022 16:08:51 INFO - After returning advice called.
11-May-2022 16:08:51 INFO - After advice called.
05-Jul-2022 14:51:48 INFO - Before advice called.
05-Jul-2022 14:51:48 INFO - After returning advice called.
05-Jul-2022 14:51:48 INFO - After advice called.
05-Jul-2022 14:52:38 INFO - Before advice called.
05-Jul-2022 14:52:38 INFO - After returning advice called.
05-Jul-2022 14:52:38 INFO - After advice called.
27-Sep-2022 12:50:34 INFO - Before advice called.
27-Sep-2022 12:50:35 INFO - After returning advice called.
27-Sep-2022 12:50:35 INFO - After advice called.
27-Sep-2022 12:51:31 INFO - Before advice called.
27-Sep-2022 12:51:31 INFO - After returning advice called.
27-Sep-2022 12:51:31 INFO - After advice called.
